{
  "Cucumber Features": {
    "coverage": {
      "C:/Sites/workspace/final/EtherHealth/config/environment.rb": [
        null,
        1,
        null,
        null,
        1
      ],
      "C:/Sites/workspace/final/EtherHealth/config/application.rb": [
        1,
        null,
        1,
        null,
        null,
        null,
        1,
        null,
        1,
        1,
        null,
        null,
        null,
        null,
        null,
        null,
        null,
        null,
        null,
        null,
        null,
        null,
        null,
        1,
        null,
        null
      ],
      "C:/Sites/workspace/final/EtherHealth/config/boot.rb": [
        1,
        null,
        1
      ],
      "C:/Sites/workspace/final/EtherHealth/config/environments/test.rb": [
        1,
        null,
        null,
        null,
        null,
        null,
        null,
        1,
        null,
        null,
        null,
        null,
        1,
        null,
        null,
        1,
        1,
        null,
        null,
        1,
        1,
        null,
        null,
        1,
        null,
        null,
        1,
        null,
        null,
        null,
        null,
        1,
        null,
        null,
        1,
        null,
        null,
        1,
        null,
        null,
        null,
        null
      ],
      "C:/Sites/workspace/final/EtherHealth/config/initializers/assets.rb": [
        null,
        null,
        null,
        1,
        null,
        null,
        null,
        null,
        null,
        null,
        null
      ],
      "C:/Sites/workspace/final/EtherHealth/config/initializers/backtrace_silencers.rb": [
        null,
        null,
        null,
        null,
        null,
        null,
        null
      ],
      "C:/Sites/workspace/final/EtherHealth/config/initializers/cookies_serializer.rb": [
        null,
        null,
        1
      ],
      "C:/Sites/workspace/final/EtherHealth/config/initializers/filter_parameter_logging.rb": [
        null,
        null,
        null,
        1
      ],
      "C:/Sites/workspace/final/EtherHealth/config/initializers/inflections.rb": [
        null,
        null,
        null,
        null,
        null,
        null,
        null,
        null,
        null,
        null,
        null,
        null,
        null,
        null,
        null,
        null
      ],
      "C:/Sites/workspace/final/EtherHealth/config/initializers/mime_types.rb": [
        null,
        null,
        null,
        null
      ],
      "C:/Sites/workspace/final/EtherHealth/config/initializers/session_store.rb": [
        null,
        null,
        1
      ],
      "C:/Sites/workspace/final/EtherHealth/config/initializers/wrap_parameters.rb": [
        null,
        null,
        null,
        null,
        null,
        null,
        1,
        1,
        null,
        null,
        null,
        null,
        null,
        null
      ],
      "C:/Sites/workspace/final/EtherHealth/config/routes.rb": [
        null,
        null,
        null,
        null,
        null,
        null,
        null,
        null,
        null,
        null,
        null,
        null,
        null,
        null,
        null,
        null,
        null,
        null,
        null,
        null,
        1,
        null,
        1,
        1,
        1,
        1,
        null,
        1,
        null,
        1,
        null,
        1,
        null,
        1,
        null,
        1,
        null,
        null,
        null,
        1,
        null,
        1,
        null,
        1,
        1,
        null,
        null,
        null,
        null,
        null,
        1,
        null,
        1,
        null,
        null,
        null,
        null,
        null,
        null,
        null,
        null,
        null,
        null,
        null,
        null,
        null,
        null,
        null,
        null,
        null,
        null,
        null,
        null,
        null,
        null,
        null,
        null,
        null,
        null,
        null,
        null,
        null,
        null,
        null,
        null,
        null,
        null,
        null,
        null,
        null,
        null,
        null,
        null,
        null,
        null,
        null,
        null,
        null,
        null,
        null,
        null,
        null,
        null,
        null,
        null,
        null,
        null,
        null
      ],
      "C:/Sites/workspace/final/EtherHealth/features/step_definitions/login_test_steps.rb": [
        1,
        1,
        null,
        null,
        1,
        1,
        1,
        1,
        1,
        null,
        null,
        1,
        1,
        null,
        null,
        1,
        2,
        null,
        null,
        1,
        1,
        1,
        1,
        null,
        null,
        1,
        1,
        1,
        1,
        null,
        null,
        1,
        1,
        null
      ],
      "C:/Sites/workspace/final/EtherHealth/features/step_definitions/logout_steps.rb": [
        1,
        1,
        1,
        1,
        null,
        null,
        1,
        1,
        null,
        null,
        1,
        1,
        null,
        null,
        1,
        1,
        null
      ],
      "C:/Sites/workspace/final/EtherHealth/features/step_definitions/mainPage_test_steps.rb": [
        1,
        1,
        null,
        null,
        1,
        1,
        null,
        null,
        1,
        1,
        1,
        1,
        1,
        null,
        null,
        null,
        null,
        1,
        1,
        null,
        null,
        1,
        1,
        1,
        1,
        null,
        null,
        null,
        1,
        1,
        null
      ],
      "C:/Sites/workspace/final/EtherHealth/features/step_definitions/welcome_page_test_steps.rb": [
        1,
        3,
        null,
        null,
        1,
        1,
        null,
        null,
        1,
        2,
        null,
        null,
        1,
        1,
        null,
        null,
        1,
        1,
        null,
        null,
        1,
        1,
        null,
        null,
        1,
        1,
        null
      ],
      "C:/Sites/workspace/final/EtherHealth/app/models/user.rb": [
        null,
        null,
        null,
        null,
        null,
        null,
        null,
        null,
        null,
        null,
        null,
        null,
        null,
        1,
        1,
        null,
        1,
        null,
        1,
        1,
        null,
        1,
        null,
        1,
        1,
        1,
        1,
        null,
        1,
        null,
        null,
        1,
        0,
        0,
        null,
        null,
        null
      ],
      "C:/Sites/workspace/final/EtherHealth/app/uploaders/picture_uploader.rb": [
        null,
        null,
        1,
        null,
        null,
        null,
        null,
        null,
        null,
        null,
        null,
        null,
        null,
        null,
        null,
        null,
        null,
        null,
        null,
        null,
        null,
        null,
        null,
        null,
        null,
        null,
        null,
        null,
        null,
        null,
        null,
        null,
        null,
        null,
        null,
        null,
        null,
        null,
        null,
        null,
        null,
        null,
        null,
        null,
        null,
        null,
        null,
        null,
        null,
        null,
        null,
        null,
        null,
        null,
        null,
        null,
        null,
        null,
        null,
        null,
        null,
        null,
        null,
        null,
        null
      ],
      "C:/Sites/workspace/final/EtherHealth/app/models/question.rb": [
        1,
        null,
        1,
        null,
        1,
        1,
        1,
        1,
        null,
        null
      ],
      "C:/Sites/workspace/final/EtherHealth/app/controllers/welcome_page_controller.rb": [
        1,
        null,
        1,
        null,
        null,
        1,
        5,
        null,
        null,
        null
      ],
      "C:/Sites/workspace/final/EtherHealth/app/controllers/application_controller.rb": [
        1,
        null,
        null,
        1,
        1,
        null,
        null
      ],
      "C:/Sites/workspace/final/EtherHealth/app/helpers/application_helper.rb": [
        1,
        null,
        1,
        45,
        45,
        8,
        null,
        37,
        null,
        null,
        null,
        null
      ],
      "C:/Sites/workspace/final/EtherHealth/app/helpers/ask_question_helper.rb": [
        1,
        null
      ],
      "C:/Sites/workspace/final/EtherHealth/app/helpers/filters_helper.rb": [
        1,
        null
      ],
      "C:/Sites/workspace/final/EtherHealth/app/helpers/questions_helper.rb": [
        1,
        null
      ],
      "C:/Sites/workspace/final/EtherHealth/app/helpers/session_helper.rb": [
        1,
        null,
        null,
        1,
        6,
        null,
        null,
        null,
        1,
        2443,
        null,
        null,
        1,
        45,
        null,
        null,
        1,
        1,
        1,
        null,
        null,
        null
      ],
      "C:/Sites/workspace/final/EtherHealth/app/helpers/tags_helper.rb": [
        1,
        null
      ],
      "C:/Sites/workspace/final/EtherHealth/app/helpers/users_helper.rb": [
        1,
        null
      ],
      "C:/Sites/workspace/final/EtherHealth/app/helpers/welcome_page_helper.rb": [
        1,
        null
      ],
      "C:/Sites/workspace/final/EtherHealth/app/controllers/session_controller.rb": [
        1,
        null,
        1,
        null,
        null,
        1,
        null,
        null,
        1,
        7,
        7,
        6,
        6,
        null,
        1,
        1,
        null,
        null,
        null,
        1,
        1,
        1,
        null,
        null,
        null
      ],
      "C:/Sites/workspace/final/EtherHealth/app/controllers/questions_controller.rb": [
        1,
        1,
        null,
        null,
        null,
        1,
        2,
        null,
        null,
        null,
        null,
        1,
        null,
        null,
        1,
        3,
        3,
        3,
        3,
        1784,
        1784,
        null,
        null,
        null,
        3,
        1784,
        1190,
        1190,
        1190,
        1190,
        1190,
        null,
        null,
        null,
        null,
        1,
        3,
        3,
        3,
        3,
        1778,
        1778,
        null,
        null,
        3,
        1778,
        1185,
        1185,
        1185,
        1185,
        1185,
        null,
        null,
        null,
        null,
        null,
        1,
        11,
        11,
        11,
        11,
        11,
        11,
        11,
        11,
        11,
        11,
        null,
        2,
        2,
        2,
        2,
        2,
        2,
        2,
        2,
        2,
        2,
        2,
        null,
        2,
        null,
        null,
        null,
        null,
        null,
        null,
        1,
        null,
        null,
        null,
        null,
        1,
        0,
        null,
        0,
        0,
        0,
        0,
        null,
        0,
        0,
        null,
        null,
        null,
        null,
        null,
        null,
        1,
        0,
        0,
        0,
        0,
        null,
        0,
        0,
        null,
        null,
        null,
        null,
        null,
        null,
        1,
        0,
        0,
        0,
        0,
        null,
        null,
        null,
        1,
        null,
        1,
        0,
        null,
        null,
        null,
        1,
        0,
        null,
        null
      ],
      "C:/Sites/workspace/final/EtherHealth/app/models/filter.rb": [
        null,
        null,
        null,
        null,
        null,
        null,
        null,
        null,
        null,
        null,
        null,
        1,
        null
      ],
      "C:/Sites/workspace/final/EtherHealth/app/models/tag.rb": [
        null,
        null,
        null,
        null,
        null,
        null,
        null,
        null,
        null,
        null,
        1,
        null
      ],
      "C:/Sites/workspace/final/EtherHealth/app/models/answer.rb": [
        1,
        null,
        1,
        null,
        1,
        1,
        1,
        null,
        null
      ],
      "C:/Sites/workspace/final/EtherHealth/app/controllers/users_controller.rb": [
        1,
        null,
        null,
        null,
        1,
        2,
        null,
        null,
        1,
        1,
        1,
        1,
        null,
        0,
        null,
        null,
        null,
        1,
        null,
        null,
        1,
        0,
        0,
        0,
        null,
        null,
        1,
        1,
        1,
        null,
        null,
        null,
        null
      ]
    },
    "timestamp": 1431061524
  },
  "RSpec": {
    "coverage": {
      "C:/Sites/workspace/final/EtherHealth/config/environment.rb": [
        null,
        1,
        null,
        null,
        1
      ],
      "C:/Sites/workspace/final/EtherHealth/config/environments/test.rb": [
        1,
        null,
        null,
        null,
        null,
        null,
        null,
        1,
        null,
        null,
        null,
        null,
        1,
        null,
        null,
        1,
        1,
        null,
        null,
        1,
        1,
        null,
        null,
        1,
        null,
        null,
        1,
        null,
        null,
        null,
        null,
        1,
        null,
        null,
        1,
        null,
        null,
        1,
        null,
        null,
        null,
        null
      ],
      "C:/Sites/workspace/final/EtherHealth/config/initializers/assets.rb": [
        null,
        null,
        null,
        1,
        null,
        null,
        null,
        null,
        null,
        null,
        null
      ],
      "C:/Sites/workspace/final/EtherHealth/config/initializers/backtrace_silencers.rb": [
        null,
        null,
        null,
        null,
        null,
        null,
        null
      ],
      "C:/Sites/workspace/final/EtherHealth/config/initializers/cookies_serializer.rb": [
        null,
        null,
        1
      ],
      "C:/Sites/workspace/final/EtherHealth/config/initializers/filter_parameter_logging.rb": [
        null,
        null,
        null,
        1
      ],
      "C:/Sites/workspace/final/EtherHealth/config/initializers/inflections.rb": [
        null,
        null,
        null,
        null,
        null,
        null,
        null,
        null,
        null,
        null,
        null,
        null,
        null,
        null,
        null,
        null
      ],
      "C:/Sites/workspace/final/EtherHealth/config/initializers/mime_types.rb": [
        null,
        null,
        null,
        null
      ],
      "C:/Sites/workspace/final/EtherHealth/config/initializers/session_store.rb": [
        null,
        null,
        1
      ],
      "C:/Sites/workspace/final/EtherHealth/config/initializers/wrap_parameters.rb": [
        null,
        null,
        null,
        null,
        null,
        null,
        1,
        1,
        null,
        null,
        null,
        null,
        null,
        null
      ],
      "C:/Sites/workspace/final/EtherHealth/config/routes.rb": [
        null,
        null,
        null,
        null,
        null,
        null,
        null,
        null,
        null,
        null,
        null,
        null,
        null,
        null,
        null,
        null,
        null,
        null,
        null,
        null,
        1,
        null,
        1,
        1,
        1,
        1,
        null,
        1,
        null,
        1,
        null,
        1,
        null,
        1,
        null,
        1,
        null,
        null,
        null,
        1,
        null,
        1,
        null,
        1,
        1,
        null,
        null,
        null,
        null,
        null,
        1,
        null,
        1,
        null,
        null,
        null,
        null,
        null,
        null,
        null,
        null,
        null,
        null,
        null,
        null,
        null,
        null,
        null,
        null,
        null,
        null,
        null,
        null,
        null,
        null,
        null,
        null,
        null,
        null,
        null,
        null,
        null,
        null,
        null,
        null,
        null,
        null,
        null,
        null,
        null,
        null,
        null,
        null,
        null,
        null,
        null,
        null,
        null,
        null,
        null,
        null,
        null,
        null,
        null,
        null,
        null,
        null,
        null
      ],
      "C:/Sites/workspace/final/EtherHealth/test/controllers/users_controller_test.rb": [
        1,
        null,
        1,
        null,
        null,
        null,
        null
      ],
      "C:/Sites/workspace/final/EtherHealth/test/controllers/welcome_page_controller_test.rb": [
        1,
        null,
        1,
        null,
        null,
        null,
        null
      ],
      "C:/Sites/workspace/final/EtherHealth/test/models/user_test.rb": [
        null,
        null,
        null,
        null,
        null,
        null,
        null,
        null,
        null,
        null,
        null,
        null,
        null,
        1,
        null,
        1,
        null,
        null,
        null,
        null
      ]
    },
    "timestamp": 1431061631
  }
}
